{"/home/rtm/wrk/prettify-number/prettify-number.js": {"path":"/home/rtm/wrk/prettify-number/prettify-number.js","statementMap":{"0":{"start":{"line":6,"column":0},"end":{"line":6,"column":62}},"1":{"start":{"line":14,"column":14},"end":{"line":14,"column":83}},"2":{"start":{"line":14,"column":21},"end":{"line":14,"column":83}},"3":{"start":{"line":21,"column":4},"end":{"line":22,"column":28}},"4":{"start":{"line":22,"column":8},"end":{"line":22,"column":28}},"5":{"start":{"line":23,"column":4},"end":{"line":24,"column":36}},"6":{"start":{"line":24,"column":8},"end":{"line":24,"column":36}},"7":{"start":{"line":25,"column":4},"end":{"line":26,"column":36}},"8":{"start":{"line":26,"column":8},"end":{"line":26,"column":36}},"9":{"start":{"line":27,"column":4},"end":{"line":27,"column":33}},"10":{"start":{"line":29,"column":0},"end":{"line":29,"column":40}}},"fnMap":{"0":{"name":"(anonymous_0)","decl":{"start":{"line":14,"column":14},"end":{"line":14,"column":15}},"loc":{"start":{"line":14,"column":21},"end":{"line":14,"column":83}},"line":14},"1":{"name":"prettifyNumber","decl":{"start":{"line":20,"column":9},"end":{"line":20,"column":23}},"loc":{"start":{"line":20,"column":27},"end":{"line":28,"column":1}},"line":20}},"branchMap":{"0":{"loc":{"start":{"line":14,"column":55},"end":{"line":14,"column":82}},"type":"cond-expr","locations":[{"start":{"line":14,"column":77},"end":{"line":14,"column":78}},{"start":{"line":14,"column":81},"end":{"line":14,"column":82}}],"line":14},"1":{"loc":{"start":{"line":21,"column":4},"end":{"line":22,"column":28}},"type":"if","locations":[{"start":{"line":21,"column":4},"end":{"line":22,"column":28}},{"start":{"line":21,"column":4},"end":{"line":22,"column":28}}],"line":21},"2":{"loc":{"start":{"line":23,"column":4},"end":{"line":24,"column":36}},"type":"if","locations":[{"start":{"line":23,"column":4},"end":{"line":24,"column":36}},{"start":{"line":23,"column":4},"end":{"line":24,"column":36}}],"line":23},"3":{"loc":{"start":{"line":25,"column":4},"end":{"line":26,"column":36}},"type":"if","locations":[{"start":{"line":25,"column":4},"end":{"line":26,"column":36}},{"start":{"line":25,"column":4},"end":{"line":26,"column":36}}],"line":25}},"s":{"0":2,"1":2,"2":12,"3":22,"4":10,"5":12,"6":6,"7":6,"8":4,"9":2,"10":2},"f":{"0":12,"1":22},"b":{"0":[2,10],"1":[10,12],"2":[6,6],"3":[4,2]},"_coverageSchema":"1a1c01bbd47fc00a2c39e90264f33305004495a9","hash":"80e3eb0675cd4359d6a66e382cbee3f60d373423"}
}
