<?xml version="1.0" encoding="UTF-8"?>
<coverage generated="1583288590826" clover="3.2.0">
  <project timestamp="1583288590826" name="All files">
    <metrics statements="6" coveredstatements="6" conditionals="8" coveredconditionals="8" methods="2" coveredmethods="2" elements="16" coveredelements="16" complexity="0" loc="6" ncloc="6" packages="1" files="1" classes="1"/>
    <file name="prettify-number.ts" path="/home/rtm/wrk/prettify-number/prettify-number.ts">
      <metrics statements="6" coveredstatements="6" conditionals="8" coveredconditionals="8" methods="2" coveredmethods="2"/>
      <line num="13" count="6" type="cond" truecount="2" falsecount="0"/>
      <line num="20" count="1" type="stmt"/>
      <line num="21" count="11" type="cond" truecount="2" falsecount="0"/>
      <line num="22" count="6" type="cond" truecount="2" falsecount="0"/>
      <line num="23" count="3" type="cond" truecount="2" falsecount="0"/>
      <line num="24" count="1" type="stmt"/>
    </file>
  </project>
</coverage>
