{"/home/rtm/wrk/prettify-number/prettify-number.ts": {"path":"/home/rtm/wrk/prettify-number/prettify-number.ts","statementMap":{"0":{"start":{"line":13,"column":14},"end":{"line":13,"column":91}},"1":{"start":{"line":13,"column":29},"end":{"line":13,"column":91}},"2":{"start":{"line":21,"column":2},"end":{"line":21,"column":35}},"3":{"start":{"line":21,"column":15},"end":{"line":21,"column":35}},"4":{"start":{"line":22,"column":2},"end":{"line":22,"column":43}},"5":{"start":{"line":22,"column":15},"end":{"line":22,"column":43}},"6":{"start":{"line":23,"column":2},"end":{"line":23,"column":44}},"7":{"start":{"line":23,"column":16},"end":{"line":23,"column":44}},"8":{"start":{"line":24,"column":2},"end":{"line":24,"column":31}},"9":{"start":{"line":20,"column":0},"end":{"line":20,"column":16}}},"fnMap":{"0":{"name":"(anonymous_0)","decl":{"start":{"line":13,"column":14},"end":{"line":13,"column":15}},"loc":{"start":{"line":13,"column":29},"end":{"line":13,"column":91}}},"1":{"name":"prettifyNumber","decl":{"start":{"line":20,"column":16},"end":{"line":20,"column":30}},"loc":{"start":{"line":20,"column":40},"end":{"line":25,"column":1}}}},"branchMap":{"0":{"loc":{"start":{"line":13,"column":85},"end":{"line":13,"column":86}},"type":"cond-expr","locations":[{"start":{"line":13,"column":85},"end":{"line":13,"column":86}},{"start":{"line":13,"column":89},"end":{"line":13,"column":90}}]},"1":{"loc":{"start":{"line":21,"column":2},"end":{"line":21,"column":35}},"type":"if","locations":[{"start":{"line":21,"column":2},"end":{"line":21,"column":35}},{"start":{"line":21,"column":2},"end":{"line":21,"column":35}}]},"2":{"loc":{"start":{"line":22,"column":2},"end":{"line":22,"column":43}},"type":"if","locations":[{"start":{"line":22,"column":2},"end":{"line":22,"column":43}},{"start":{"line":22,"column":2},"end":{"line":22,"column":43}}]},"3":{"loc":{"start":{"line":23,"column":2},"end":{"line":23,"column":44}},"type":"if","locations":[{"start":{"line":23,"column":2},"end":{"line":23,"column":44}},{"start":{"line":23,"column":2},"end":{"line":23,"column":44}}]}},"s":{"0":1,"1":6,"2":11,"3":5,"4":6,"5":3,"6":3,"7":2,"8":1,"9":1},"f":{"0":6,"1":11},"b":{"0":[1,5],"1":[5,6],"2":[3,3],"3":[2,1]}}
}
